<?xml version="1.0" encoding="UTF-8"?>
<coverage generated="1661928149700" clover="3.2.0">
  <project timestamp="1661928149700" name="All files">
    <metrics statements="2" coveredstatements="2" conditionals="0" coveredconditionals="0" methods="1" coveredmethods="1" elements="3" coveredelements="3" complexity="0" loc="2" ncloc="2" packages="1" files="1" classes="1"/>
    <file name="MainNav.vue" path="E:\Programming\learning\01-udemy\vue-masterclass\job-search\src\components\MainNav.vue">
      <metrics statements="2" coveredstatements="2" conditionals="0" coveredconditionals="0" methods="1" coveredmethods="1"/>
      <line num="34" count="1" type="stmt"/>
      <line num="37" count="2" type="stmt"/>
    </file>
  </project>
</coverage>
