{"E:\\Programming\\learning\\01-udemy\\vue-masterclass\\job-search\\src\\components\\MainNav.vue": {"path":"E:\\Programming\\learning\\01-udemy\\vue-masterclass\\job-search\\src\\components\\MainNav.vue","statementMap":{"0":{"start":{"line":34,"column":15},"end":{"line":34,"column":null}},"1":{"start":{"line":37,"column":4},"end":{"line":37,"column":11}}},"fnMap":{"0":{"name":"(anonymous_0)","decl":{"start":{"line":36,"column":2},"end":{"line":36,"column":6}},"loc":{"start":{"line":36,"column":9},"end":{"line":42,"column":null}}}},"branchMap":{},"s":{"0":1,"1":2},"f":{"0":2},"b":{}}
}
